<?xml version="1.0" encoding="UTF-8"?>
<!-- Generated by org.testng.reporters.JUnitReportReporter -->
<testsuite hostname="DESKTOP-CO7VJ0G" failures="0" tests="1" name="Assignment3.ExcelSheet" time="4.091" errors="0" timestamp="2022-02-25T08:46:20 IST" skipped="0">
  <testcase classname="Assignment3.ExcelSheet" name="f" time="4.091"/>
  <system-out/>
</testsuite> <!-- Assignment3.ExcelSheet -->
