<?xml version="1.0" encoding="UTF-8"?>
<!-- Generated by org.testng.reporters.JUnitReportReporter -->
<testsuite hostname="DESKTOP-CO7VJ0G" failures="0" tests="1" name="Assignment3.ScreenShot" time="0.232" errors="0" timestamp="2022-02-25T08:49:57 IST" skipped="0">
  <testcase classname="Assignment3.ScreenShot" name="f" time="0.232"/>
  <system-out/>
</testsuite> <!-- Assignment3.ScreenShot -->
