<?xml version="1.0" encoding="UTF-8"?>
<!-- Generated by org.testng.reporters.JUnitReportReporter -->
<testsuite hostname="DESKTOP-CO7VJ0G" failures="0" tests="1" name="Assignment3.NewTab" time="19.711" errors="0" timestamp="2022-02-24T12:04:54 IST" skipped="0">
  <testcase classname="Assignment3.NewTab" name="f" time="19.711"/>
  <system-out/>
</testsuite> <!-- Assignment3.NewTab -->
