<?xml version="1.0" encoding="UTF-8"?>
<!-- Generated by org.testng.reporters.JUnitReportReporter -->
<testsuite hostname="DESKTOP-CO7VJ0G" failures="0" tests="1" name="SeleniumProject.SeleniumProject.ScrollDown" time="2.033" errors="0" timestamp="2022-02-24T21:03:10 IST" skipped="0">
  <testcase classname="SeleniumProject.SeleniumProject.ScrollDown" name="f" time="2.033"/>
  <system-out/>
</testsuite> <!-- SeleniumProject.SeleniumProject.ScrollDown -->
