<?xml version="1.0" encoding="UTF-8"?>
<!-- Generated by org.testng.reporters.JUnitReportReporter -->
<testsuite hostname="DESKTOP-CO7VJ0G" failures="0" tests="1" name="SeleniumProject.SeleniumProject.DragnDrop" time="0.505" errors="0" timestamp="2022-02-23T14:32:41 IST" skipped="0">
  <testcase classname="SeleniumProject.SeleniumProject.DragnDrop" name="f" time="0.505"/>
  <system-out/>
</testsuite> <!-- SeleniumProject.SeleniumProject.DragnDrop -->
