<?xml version="1.0" encoding="UTF-8"?>
<!-- Generated by org.testng.reporters.JUnitReportReporter -->
<testsuite hostname="DESKTOP-CO7VJ0G" failures="0" tests="4" name="assignment2.NewTest" time="14.874" errors="0" timestamp="2022-02-24T20:29:08 IST" skipped="0">
  <testcase classname="assignment2.NewTest" name="test" time="4.944"/>
  <system-out/>
  <testcase classname="assignment2.NewTest" name="test" time="3.375"/>
  <system-out/>
  <testcase classname="assignment2.NewTest" name="test" time="3.266"/>
  <system-out/>
  <testcase classname="assignment2.NewTest" name="test" time="3.289"/>
  <system-out/>
</testsuite> <!-- assignment2.NewTest -->
