<?xml version="1.0" encoding="UTF-8"?>
<!-- Generated by org.testng.reporters.JUnitReportReporter -->
<testsuite hostname="DESKTOP-CO7VJ0G" failures="0" tests="1" name="SeleniumProject.SeleniumProject.ChromeSearch" time="1.745" errors="0" timestamp="2022-02-24T10:53:42 IST" skipped="0">
  <testcase classname="SeleniumProject.SeleniumProject.ChromeSearch" name="f" time="1.745"/>
  <system-out/>
</testsuite> <!-- SeleniumProject.SeleniumProject.ChromeSearch -->
