<?xml version="1.0" encoding="UTF-8"?>
<!-- Generated by org.testng.reporters.JUnitReportReporter -->
<testsuite hostname="DESKTOP-CO7VJ0G" failures="0" tests="1" name="SeleniumProject.SeleniumProject.NewTest" time="1.122" errors="0" timestamp="2022-02-23T12:29:49 IST" skipped="0">
  <testcase classname="SeleniumProject.SeleniumProject.NewTest" name="f" time="1.122"/>
  <system-out/>
</testsuite> <!-- SeleniumProject.SeleniumProject.NewTest -->
